2023-12-13 04:55:20.033 [info] Log level: Info
2023-12-13 04:55:20.033 [info] Validating found git in: "git"
2023-12-13 04:55:20.033 [info] Using git "2.39.2" from "git"
2023-12-13 04:55:20.034 [info] > git rev-parse --show-toplevel [26ms]
2023-12-13 04:55:20.034 [info] fatal: not a git repository (or any of the parent directories): .git
2023-12-13 04:55:20.034 [info] > git rev-parse --show-toplevel [5ms]
2023-12-13 04:55:20.034 [info] fatal: not a git repository (or any of the parent directories): .git
2023-12-13 04:55:20.034 [info] > git rev-parse --show-toplevel [1ms]
2023-12-13 04:55:20.034 [info] fatal: not a git repository (or any of the parent directories): .git
2023-12-13 04:55:20.034 [info] > git rev-parse --show-toplevel [1ms]
2023-12-13 04:55:20.034 [info] fatal: not a git repository (or any of the parent directories): .git
2023-12-13 04:55:20.034 [info] > git rev-parse --show-toplevel [0ms]
2023-12-13 04:55:20.035 [info] fatal: not a git repository (or any of the parent directories): .git
2023-12-13 04:55:20.038 [info] > git rev-parse --show-toplevel [0ms]
2023-12-13 04:55:20.039 [info] fatal: not a git repository (or any of the parent directories): .git
2023-12-13 04:55:20.042 [info] > git rev-parse --show-toplevel [1ms]
2023-12-13 04:55:20.042 [info] fatal: not a git repository (or any of the parent directories): .git
2023-12-13 04:55:20.046 [info] > git rev-parse --show-toplevel [1ms]
2023-12-13 04:55:20.046 [info] fatal: not a git repository (or any of the parent directories): .git
2023-12-13 04:56:17.259 [info] > git rev-parse --show-toplevel [2ms]
2023-12-13 04:56:17.259 [info] fatal: not a git repository (or any of the parent directories): .git
2023-12-13 04:56:17.273 [info] > git rev-parse --show-toplevel [0ms]
2023-12-13 04:56:17.273 [info] fatal: not a git repository (or any of the parent directories): .git
2023-12-13 04:56:17.286 [info] > git rev-parse --show-toplevel [1ms]
2023-12-13 04:56:17.286 [info] fatal: not a git repository (or any of the parent directories): .git
2023-12-13 10:04:54.403 [info] > git rev-parse --show-toplevel [7ms]
2023-12-13 10:04:54.404 [info] fatal: not a git repository (or any of the parent directories): .git
