2023-12-13 04:55:13.465 [info] Log level: Info
2023-12-13 04:55:13.465 [info] Validating found git in: "git"
2023-12-13 04:55:13.465 [info] Using git "2.39.2" from "git"
2023-12-13 04:55:13.465 [info] > git rev-parse --show-toplevel [27ms]
2023-12-13 04:55:13.465 [info] fatal: not a git repository (or any of the parent directories): .git
2023-12-13 04:55:13.465 [info] > git rev-parse --show-toplevel [2ms]
2023-12-13 04:55:13.465 [info] fatal: not a git repository (or any of the parent directories): .git
2023-12-13 04:55:13.465 [info] > git rev-parse --show-toplevel [1ms]
2023-12-13 04:55:13.465 [info] fatal: not a git repository (or any of the parent directories): .git
2023-12-13 04:55:13.465 [info] > git rev-parse --show-toplevel [1ms]
2023-12-13 04:55:13.465 [info] fatal: not a git repository (or any of the parent directories): .git
2023-12-13 04:55:13.465 [info] > git rev-parse --show-toplevel [0ms]
2023-12-13 04:55:13.465 [info] fatal: not a git repository (or any of the parent directories): .git
2023-12-13 04:55:13.465 [info] > git rev-parse --show-toplevel [0ms]
2023-12-13 04:55:13.465 [info] fatal: not a git repository (or any of the parent directories): .git
2023-12-13 04:55:13.465 [info] > git rev-parse --show-toplevel [1ms]
2023-12-13 04:55:13.465 [info] fatal: not a git repository (or any of the parent directories): .git
2023-12-13 04:55:13.465 [info] > git rev-parse --show-toplevel [2ms]
2023-12-13 04:55:13.465 [info] fatal: not a git repository (or any of the parent directories): .git
2023-12-13 04:55:16.765 [info] > git rev-parse --show-toplevel [1ms]
2023-12-13 04:55:16.765 [info] fatal: not a git repository (or any of the parent directories): .git
