2023-12-12 06:59:31.886 [info] Log level: Info
2023-12-12 06:59:31.886 [info] Validating found git in: "git"
2023-12-12 06:59:31.886 [info] Using git "2.39.2" from "git"
2023-12-12 06:59:31.886 [info] > git rev-parse --show-toplevel [27ms]
2023-12-12 06:59:31.886 [info] fatal: not a git repository (or any of the parent directories): .git
2023-12-12 06:59:31.886 [info] > git rev-parse --show-toplevel [1ms]
2023-12-12 06:59:31.886 [info] fatal: not a git repository (or any of the parent directories): .git
2023-12-12 06:59:31.886 [info] > git rev-parse --show-toplevel [1ms]
2023-12-12 06:59:31.886 [info] fatal: not a git repository (or any of the parent directories): .git
2023-12-12 06:59:31.886 [info] > git rev-parse --show-toplevel [1ms]
2023-12-12 06:59:31.886 [info] fatal: not a git repository (or any of the parent directories): .git
2023-12-12 06:59:31.886 [info] > git rev-parse --show-toplevel [1ms]
2023-12-12 06:59:31.886 [info] fatal: not a git repository (or any of the parent directories): .git
2023-12-12 06:59:31.886 [info] > git rev-parse --show-toplevel [1ms]
2023-12-12 06:59:31.886 [info] fatal: not a git repository (or any of the parent directories): .git
2023-12-12 06:59:31.886 [info] > git rev-parse --show-toplevel [1ms]
2023-12-12 06:59:31.886 [info] fatal: not a git repository (or any of the parent directories): .git
2023-12-12 06:59:31.886 [info] > git rev-parse --show-toplevel [1ms]
2023-12-12 06:59:31.886 [info] fatal: not a git repository (or any of the parent directories): .git
2023-12-12 07:04:09.407 [info] > git rev-parse --show-toplevel [1ms]
2023-12-12 07:04:09.407 [info] fatal: not a git repository (or any of the parent directories): .git
2023-12-12 08:36:08.598 [info] > git rev-parse --show-toplevel [3ms]
2023-12-12 08:36:08.598 [info] fatal: not a git repository (or any of the parent directories): .git
2023-12-12 08:36:10.912 [info] > git rev-parse --show-toplevel [2ms]
2023-12-12 08:36:10.912 [info] fatal: not a git repository (or any of the parent directories): .git
2023-12-12 08:36:14.621 [info] > git rev-parse --show-toplevel [1ms]
2023-12-12 08:36:14.621 [info] fatal: not a git repository (or any of the parent directories): .git
2023-12-12 09:05:38.039 [info] > git rev-parse --show-toplevel [2ms]
2023-12-12 09:05:38.039 [info] fatal: not a git repository (or any of the parent directories): .git
2023-12-12 09:05:58.949 [info] > git rev-parse --show-toplevel [1ms]
2023-12-12 09:05:58.949 [info] fatal: not a git repository (or any of the parent directories): .git
