2023-12-25 01:28:55.331 [info] Log level: Info
2023-12-25 01:28:55.332 [info] Validating found git in: "git"
2023-12-25 01:28:55.332 [info] Using git "2.39.2" from "git"
2023-12-25 01:28:55.332 [info] > git rev-parse --show-toplevel [20ms]
2023-12-25 01:28:55.332 [info] fatal: not a git repository (or any of the parent directories): .git
2023-12-25 01:28:55.332 [info] > git rev-parse --show-toplevel [1ms]
2023-12-25 01:28:55.332 [info] fatal: not a git repository (or any of the parent directories): .git
2023-12-25 01:28:55.332 [info] > git rev-parse --show-toplevel [0ms]
2023-12-25 01:28:55.332 [info] fatal: not a git repository (or any of the parent directories): .git
2023-12-25 01:28:55.332 [info] > git rev-parse --show-toplevel [2ms]
2023-12-25 01:28:55.332 [info] fatal: not a git repository (or any of the parent directories): .git
2023-12-25 01:28:55.332 [info] > git rev-parse --show-toplevel [1ms]
2023-12-25 01:28:55.332 [info] fatal: not a git repository (or any of the parent directories): .git
2023-12-25 01:28:55.335 [info] > git rev-parse --show-toplevel [1ms]
2023-12-25 01:28:55.335 [info] fatal: not a git repository (or any of the parent directories): .git
2023-12-25 01:28:55.338 [info] > git rev-parse --show-toplevel [1ms]
2023-12-25 01:28:55.338 [info] fatal: not a git repository (or any of the parent directories): .git
2023-12-25 01:28:55.341 [info] > git rev-parse --show-toplevel [1ms]
2023-12-25 01:28:55.341 [info] fatal: not a git repository (or any of the parent directories): .git
2023-12-25 01:29:22.740 [info] > git rev-parse --show-toplevel [1ms]
2023-12-25 01:29:22.745 [info] > git rev-parse --git-dir --git-common-dir [1ms]
2023-12-25 01:29:22.755 [info] Open repository: /root
2023-12-25 01:29:22.766 [info] > git config --get commit.template [4ms]
2023-12-25 01:29:22.767 [info] No remotes found in the git config file.
2023-12-25 01:29:22.767 [info] > git for-each-ref --format=%(refname)%00%(upstream:short)%00%(objectname)%00%(upstream:track)%00%(upstream:remotename)%00%(upstream:remoteref) refs/heads/master refs/remotes/master [2ms]
2023-12-25 01:29:22.801 [info] > git status -z -uall [28ms]
2023-12-25 01:29:23.214 [info] > git config --get commit.template [3ms]
2023-12-25 01:29:23.214 [info] No remotes found in the git config file.
2023-12-25 01:29:23.229 [info] > git for-each-ref --format=%(refname)%00%(upstream:short)%00%(objectname)%00%(upstream:track)%00%(upstream:remotename)%00%(upstream:remoteref) refs/heads/master refs/remotes/master [4ms]
2023-12-25 01:29:23.265 [info] > git status -z -uall [30ms]
2023-12-25 01:29:23.743 [info] > git check-ignore -v -z --stdin [0ms]
2023-12-25 01:29:23.754 [info] > git show --textconv :myapp/main.go [5ms]
2023-12-25 01:29:23.755 [info] > git ls-files --stage -- /root/myapp/main.go [2ms]
2023-12-25 01:29:26.888 [info] No remotes found in the git config file.
2023-12-25 01:29:26.889 [info] > git config --get commit.template [6ms]
2023-12-25 01:29:26.890 [info] > git for-each-ref --format=%(refname)%00%(upstream:short)%00%(objectname)%00%(upstream:track)%00%(upstream:remotename)%00%(upstream:remoteref) refs/heads/master refs/remotes/master [2ms]
2023-12-25 01:29:26.932 [info] > git status -z -uall [36ms]
2023-12-25 01:29:31.982 [info] No remotes found in the git config file.
2023-12-25 01:29:31.983 [info] > git for-each-ref --format=%(refname)%00%(upstream:short)%00%(objectname)%00%(upstream:track)%00%(upstream:remotename)%00%(upstream:remoteref) refs/heads/master refs/remotes/master [1ms]
2023-12-25 01:29:31.983 [info] > git config --get commit.template [6ms]
2023-12-25 01:29:32.012 [info] > git status -z -uall [25ms]
