2023-12-12 13:31:25.147 [info] Log level: Info
2023-12-12 13:31:25.147 [info] Validating found git in: "git"
2023-12-12 13:31:25.147 [info] Using git "2.39.2" from "git"
2023-12-12 13:31:25.147 [info] > git rev-parse --show-toplevel [26ms]
2023-12-12 13:31:25.147 [info] fatal: not a git repository (or any of the parent directories): .git
2023-12-12 13:31:25.147 [info] > git rev-parse --show-toplevel [1ms]
2023-12-12 13:31:25.147 [info] fatal: not a git repository (or any of the parent directories): .git
2023-12-12 13:31:25.147 [info] > git rev-parse --show-toplevel [0ms]
2023-12-12 13:31:25.147 [info] fatal: not a git repository (or any of the parent directories): .git
2023-12-12 13:31:25.147 [info] > git rev-parse --show-toplevel [1ms]
2023-12-12 13:31:25.147 [info] fatal: not a git repository (or any of the parent directories): .git
2023-12-12 13:31:25.147 [info] > git rev-parse --show-toplevel [1ms]
2023-12-12 13:31:25.147 [info] fatal: not a git repository (or any of the parent directories): .git
2023-12-12 13:31:25.147 [info] > git rev-parse --show-toplevel [0ms]
2023-12-12 13:31:25.147 [info] fatal: not a git repository (or any of the parent directories): .git
2023-12-12 13:31:25.147 [info] > git rev-parse --show-toplevel [1ms]
2023-12-12 13:31:25.147 [info] fatal: not a git repository (or any of the parent directories): .git
2023-12-12 13:31:25.147 [info] > git rev-parse --show-toplevel [1ms]
2023-12-12 13:31:25.147 [info] fatal: not a git repository (or any of the parent directories): .git
2023-12-12 13:31:25.679 [info] > git rev-parse --show-toplevel [0ms]
2023-12-12 13:31:25.679 [info] fatal: not a git repository (or any of the parent directories): .git
2023-12-12 13:31:25.697 [info] > git rev-parse --show-toplevel [1ms]
2023-12-12 13:31:25.697 [info] fatal: not a git repository (or any of the parent directories): .git
2023-12-12 13:31:25.710 [info] > git rev-parse --show-toplevel [1ms]
2023-12-12 13:31:25.710 [info] fatal: not a git repository (or any of the parent directories): .git
2023-12-12 13:31:25.714 [info] > git rev-parse --show-toplevel [1ms]
2023-12-12 13:31:25.714 [info] fatal: not a git repository (or any of the parent directories): .git
