2023-12-12 06:29:40.768 [info] Log level: Info
2023-12-12 06:29:40.768 [info] Validating found git in: "git"
2023-12-12 06:29:40.768 [info] Using git "2.39.2" from "git"
2023-12-12 06:29:40.768 [info] > git rev-parse --show-toplevel [27ms]
2023-12-12 06:29:40.768 [info] fatal: not a git repository (or any of the parent directories): .git
2023-12-12 06:29:40.768 [info] > git rev-parse --show-toplevel [1ms]
2023-12-12 06:29:40.768 [info] fatal: not a git repository (or any of the parent directories): .git
2023-12-12 06:29:40.768 [info] > git rev-parse --show-toplevel [1ms]
2023-12-12 06:29:40.768 [info] fatal: not a git repository (or any of the parent directories): .git
2023-12-12 06:29:40.768 [info] > git rev-parse --show-toplevel [1ms]
2023-12-12 06:29:40.768 [info] fatal: not a git repository (or any of the parent directories): .git
2023-12-12 06:29:40.768 [info] > git rev-parse --show-toplevel [1ms]
2023-12-12 06:29:40.768 [info] fatal: not a git repository (or any of the parent directories): .git
2023-12-12 06:29:40.768 [info] > git rev-parse --show-toplevel [1ms]
2023-12-12 06:29:40.768 [info] fatal: not a git repository (or any of the parent directories): .git
2023-12-12 06:29:57.485 [info] > git rev-parse --show-toplevel [16ms]
2023-12-12 06:29:57.485 [info] fatal: not a git repository (or any of the parent directories): .git
2023-12-12 06:29:58.368 [info] > git rev-parse --show-toplevel [4ms]
2023-12-12 06:29:58.368 [info] fatal: not a git repository (or any of the parent directories): .git
2023-12-12 06:33:40.632 [info] > git rev-parse --show-toplevel [1ms]
2023-12-12 06:33:40.632 [info] fatal: not a git repository (or any of the parent directories): .git
2023-12-12 06:33:51.175 [info] > git rev-parse --show-toplevel [1ms]
2023-12-12 06:33:51.175 [info] fatal: not a git repository (or any of the parent directories): .git
