2023-12-13 01:16:22.625 [info] Log level: Info
2023-12-13 01:16:22.625 [info] Validating found git in: "git"
2023-12-13 01:16:22.625 [info] Using git "2.39.2" from "git"
2023-12-13 01:16:22.625 [info] > git rev-parse --show-toplevel [25ms]
2023-12-13 01:16:22.625 [info] fatal: not a git repository (or any of the parent directories): .git
2023-12-13 01:16:22.625 [info] > git rev-parse --show-toplevel [1ms]
2023-12-13 01:16:22.625 [info] fatal: not a git repository (or any of the parent directories): .git
2023-12-13 01:16:22.625 [info] > git rev-parse --show-toplevel [1ms]
2023-12-13 01:16:22.625 [info] fatal: not a git repository (or any of the parent directories): .git
2023-12-13 01:16:22.625 [info] > git rev-parse --show-toplevel [0ms]
2023-12-13 01:16:22.625 [info] fatal: not a git repository (or any of the parent directories): .git
2023-12-13 01:16:22.625 [info] > git rev-parse --show-toplevel [0ms]
2023-12-13 01:16:22.625 [info] fatal: not a git repository (or any of the parent directories): .git
2023-12-13 01:16:22.625 [info] > git rev-parse --show-toplevel [0ms]
2023-12-13 01:16:22.625 [info] fatal: not a git repository (or any of the parent directories): .git
2023-12-13 01:16:22.625 [info] > git rev-parse --show-toplevel [0ms]
2023-12-13 01:16:22.625 [info] fatal: not a git repository (or any of the parent directories): .git
2023-12-13 01:16:22.625 [info] > git rev-parse --show-toplevel [1ms]
2023-12-13 01:16:22.625 [info] fatal: not a git repository (or any of the parent directories): .git
2023-12-13 01:16:22.625 [info] > git rev-parse --show-toplevel [2ms]
2023-12-13 01:16:22.625 [info] fatal: not a git repository (or any of the parent directories): .git
2023-12-13 01:16:22.625 [info] > git rev-parse --show-toplevel [1ms]
2023-12-13 01:16:22.625 [info] fatal: not a git repository (or any of the parent directories): .git
2023-12-13 01:16:22.625 [info] > git rev-parse --show-toplevel [1ms]
2023-12-13 01:16:22.625 [info] fatal: not a git repository (or any of the parent directories): .git
